timestamp: 2011-02-16T13:39:16.400906
CREATE TABLE grupos(
    id INTEGER PRIMARY KEY AUTOINCREMENT,
    role CHAR(128),
    description CHAR(128)
);
success!
timestamp: 2011-02-16T13:39:16.405766
CREATE TABLE usuarios(
    id INTEGER PRIMARY KEY AUTOINCREMENT,
    first_name CHAR(128),
    username CHAR(128) UNIQUE,
    email CHAR(128),
    password CHAR(512),
    grupo INTEGER REFERENCES grupos(id) ON DELETE CASCADE,
    registration_key CHAR(512),
    reset_password_key CHAR(512),
    registration_id CHAR(512)
);
success!
timestamp: 2011-02-16T13:39:16.408753
CREATE TABLE relacionamento(
    id INTEGER PRIMARY KEY AUTOINCREMENT,
    user_id INTEGER REFERENCES usuarios(id) ON DELETE CASCADE,
    group_id INTEGER REFERENCES grupos(id) ON DELETE CASCADE
);
success!
timestamp: 2011-02-16T13:39:16.411246
CREATE TABLE autorizacao(
    id INTEGER PRIMARY KEY AUTOINCREMENT,
    group_id INTEGER REFERENCES grupos(id) ON DELETE CASCADE,
    name CHAR(512),
    table_name CHAR(512),
    record_id INTEGER
);
success!
timestamp: 2011-02-16T13:39:16.413953
CREATE TABLE eventos(
    id INTEGER PRIMARY KEY AUTOINCREMENT,
    time_stamp TIMESTAMP,
    client_ip CHAR(512),
    user_id INTEGER REFERENCES usuarios(id) ON DELETE CASCADE,
    origin CHAR(512),
    description TEXT
);
success!
timestamp: 2011-02-16T13:39:16.422194
CREATE TABLE tipo_atividade(
    id INTEGER PRIMARY KEY AUTOINCREMENT,
    tipo CHAR(512),
    ativo CHAR(1)
);
success!
timestamp: 2011-02-16T13:39:16.425101
CREATE TABLE sala(
    id INTEGER PRIMARY KEY AUTOINCREMENT,
    nome CHAR(512),
    lugares INTEGER
);
success!
timestamp: 2011-02-16T13:39:16.430756
CREATE TABLE materiais(
    id INTEGER PRIMARY KEY AUTOINCREMENT,
    nome CHAR(512),
    ativo CHAR(1)
);
success!
timestamp: 2011-02-16T13:39:16.435688
CREATE TABLE duracao(
    id INTEGER PRIMARY KEY AUTOINCREMENT,
    duracao INTEGER,
    desc CHAR(512)
);
success!
timestamp: 2011-02-16T13:39:16.440196
CREATE TABLE curriculo(
    id INTEGER PRIMARY KEY AUTOINCREMENT,
    id_usuario INTEGER,
    mini_curriculo TEXT
);
success!
timestamp: 2011-02-16T13:39:16.445298
CREATE TABLE atividades(
    id INTEGER PRIMARY KEY AUTOINCREMENT,
    id_usuario INTEGER,
    id_sala INTEGER,
    id_curriculo INTEGER,
    titulo CHAR(512),
    descricao TEXT,
    nivel TEXT,
    tipo INTEGER REFERENCES tipo_atividade(id) ON DELETE CASCADE,
    duracao INTEGER REFERENCES duracao(id) ON DELETE CASCADE,
    tag CHAR(512),
    arquivo CHAR(512),
    materiais TEXT,
    status INTEGER
);
success!
